{
  "0 debug pnpm:scope": {
    "selected": 1
  },
  "1 error pnpm": {
    "errno": 1,
    "code": "ELIFECYCLE",
    "pkgid": "oasis-lightroom@0.0.0",
    "stage": "dev",
    "script": "vite",
    "pkgname": "oasis-lightroom",
    "err": {
      "name": "pnpm",
      "message": "oasis-lightroom@0.0.0 dev: `vite`\nExit status 1",
      "code": "ELIFECYCLE",
      "stack": "pnpm: oasis-lightroom@0.0.0 dev: `vite`\nExit status 1\n    at EventEmitter.<anonymous> (C:\\Users\\Rin\\AppData\\Roaming\\nvm\\v16.14.2\\node_modules\\pnpm\\dist\\pnpm.cjs:108415:20)\n    at EventEmitter.emit (node:events:526:28)\n    at ChildProcess.<anonymous> (C:\\Users\\Rin\\AppData\\Roaming\\nvm\\v16.14.2\\node_modules\\pnpm\\dist\\pnpm.cjs:94981:18)\n    at ChildProcess.emit (node:events:526:28)\n    at maybeClose (node:internal/child_process:1092:16)\n    at Process.ChildProcess._handle.onexit (node:internal/child_process:302:5)"
    }
  },
  "2 warn pnpm:global": " Local package.json exists, but node_modules missing, did you mean to install?"
}